[0.261s] Invoking command in '/home/jaime/Documents/GitHub/dev_jaime/myf1tenth_system/src/build/wall_follower': CMAKE_PREFIX_PATH=${CMAKE_PREFIX_PATH}:/opt/ros/foxy /usr/bin/cmake --build /home/jaime/Documents/GitHub/dev_jaime/myf1tenth_system/src/build/wall_follower -- -j8 -l8
[0.337s] [ 33%] [32mBuilding CXX object CMakeFiles/wall_follower.dir/src/wall_follower.cpp.o[0m
[1.862s] [01m[K/home/jaime/Documents/GitHub/dev_jaime/myf1tenth_system/src/wall_follower/src/wall_follower.cpp:[m[K In member function â€˜[01m[Kvoid WallFollower::scanCallback(sensor_msgs::msg::LaserScan_<std::allocator<void> >::SharedPtr)[m[Kâ€™:
[1.862s] [01m[K/home/jaime/Documents/GitHub/dev_jaime/myf1tenth_system/src/wall_follower/src/wall_follower.cpp:138:44:[m[K [01;31m[Kerror: [m[Kâ€˜[01m[Kis_parallel[m[Kâ€™ was not declared in this scope
[1.862s]   138 |         speed = std::max(forward_speed_ * ([01;31m[Kis_parallel[m[K ? 1.2 : 0.9), speed);  // Much higher minimum speeds
[1.863s]       |                                            [01;31m[K^~~~~~~~~~~[m[K
[3.435s] make[2]: *** [CMakeFiles/wall_follower.dir/build.make:76: CMakeFiles/wall_follower.dir/src/wall_follower.cpp.o] Error 1
[3.435s] make[1]: *** [CMakeFiles/Makefile2:78: CMakeFiles/wall_follower.dir/all] Error 2
[3.435s] make: *** [Makefile:141: all] Error 2
