[ 33%] [32mBuilding CXX object CMakeFiles/wall_follower.dir/src/wall_follower.cpp.o[0m
[01m[K/home/jaime/Documents/GitHub/dev_jaime/myf1tenth_system/src/wall_follower/src/wall_follower.cpp:[m[K In member function â€˜[01m[Kvoid WallFollower::scanCallback(sensor_msgs::msg::LaserScan_<std::allocator<void> >::SharedPtr)[m[Kâ€™:
[01m[K/home/jaime/Documents/GitHub/dev_jaime/myf1tenth_system/src/wall_follower/src/wall_follower.cpp:138:44:[m[K [01;31m[Kerror: [m[Kâ€˜[01m[Kis_parallel[m[Kâ€™ was not declared in this scope
  138 |         speed = std::max(forward_speed_ * ([01;31m[Kis_parallel[m[K ? 1.2 : 0.9), speed);  // Much higher minimum speeds
      |                                            [01;31m[K^~~~~~~~~~~[m[K
make[2]: *** [CMakeFiles/wall_follower.dir/build.make:76: CMakeFiles/wall_follower.dir/src/wall_follower.cpp.o] Error 1
make[1]: *** [CMakeFiles/Makefile2:78: CMakeFiles/wall_follower.dir/all] Error 2
make: *** [Makefile:141: all] Error 2
