[0.258s] Invoking command in '/home/jaime/Documents/GitHub/dev_jaime/myf1tenth_system/src/build/wall_follower': CMAKE_PREFIX_PATH=${CMAKE_PREFIX_PATH}:/opt/ros/foxy /usr/bin/cmake /home/jaime/Documents/GitHub/dev_jaime/myf1tenth_system/src/wall_follower -DCMAKE_INSTALL_PREFIX=/home/jaime/Documents/GitHub/dev_jaime/myf1tenth_system/src/install/wall_follower
[0.340s] -- The C compiler identification is GNU 9.4.0
[0.418s] -- The CXX compiler identification is GNU 9.4.0
[0.428s] -- Check for working C compiler: /usr/bin/cc
[0.518s] -- Check for working C compiler: /usr/bin/cc -- works
[0.520s] -- Detecting C compiler ABI info
[0.606s] -- Detecting C compiler ABI info - done
[0.624s] -- Detecting C compile features
[0.624s] -- Detecting C compile features - done
[0.627s] -- Check for working CXX compiler: /usr/bin/c++
[0.732s] -- Check for working CXX compiler: /usr/bin/c++ -- works
[0.734s] -- Detecting CXX compiler ABI info
[0.839s] -- Detecting CXX compiler ABI info - done
[0.857s] -- Detecting CXX compile features
[0.858s] -- Detecting CXX compile features - done
[0.860s] -- Found ament_cmake: 0.9.12 (/opt/ros/foxy/share/ament_cmake/cmake)
[0.893s] -- Found PythonInterp: /usr/bin/python3 (found suitable version "3.8.10", minimum required is "3") 
[0.893s] -- Using PYTHON_EXECUTABLE: /usr/bin/python3
[1.182s] -- Found rclcpp: 2.4.3 (/opt/ros/foxy/share/rclcpp/cmake)
[1.243s] -- Using all available rosidl_typesupport_c: rosidl_typesupport_fastrtps_c;rosidl_typesupport_introspection_c
[1.251s] -- Found rosidl_adapter: 1.3.1 (/opt/ros/foxy/share/rosidl_adapter/cmake)
[1.351s] -- Found OpenSSL: /usr/lib/x86_64-linux-gnu/libcrypto.so (found version "1.1.1f")  
[1.398s] -- Found FastRTPS: /opt/ros/foxy/include  
[1.498s] -- Using all available rosidl_typesupport_cpp: rosidl_typesupport_fastrtps_cpp;rosidl_typesupport_introspection_cpp
[1.575s] -- Found rmw_implementation_cmake: 1.0.4 (/opt/ros/foxy/share/rmw_implementation_cmake/cmake)
[1.578s] -- Using RMW implementation 'rmw_fastrtps_cpp' as default
[1.580s] -- Looking for pthread.h
[1.657s] -- Looking for pthread.h - found
[1.657s] -- Performing Test CMAKE_HAVE_LIBC_PTHREAD
[1.746s] -- Performing Test CMAKE_HAVE_LIBC_PTHREAD - Failed
[1.747s] -- Looking for pthread_create in pthreads
[1.813s] -- Looking for pthread_create in pthreads - not found
[1.814s] -- Looking for pthread_create in pthread
[1.894s] -- Looking for pthread_create in pthread - found
[1.895s] -- Found Threads: TRUE  
[2.102s] -- Found sensor_msgs: 2.0.5 (/opt/ros/foxy/share/sensor_msgs/cmake)
[2.266s] -- Found ackermann_msgs: 2.0.2 (/opt/ros/foxy/share/ackermann_msgs/cmake)
[2.316s] -- Found rosidl_default_generators: 1.0.1 (/opt/ros/foxy/share/rosidl_default_generators/cmake)
[2.414s] -- Configuring done
[2.426s] -- Generating done
[2.433s] -- Build files have been written to: /home/jaime/Documents/GitHub/dev_jaime/myf1tenth_system/src/build/wall_follower
[2.442s] Invoked command in '/home/jaime/Documents/GitHub/dev_jaime/myf1tenth_system/src/build/wall_follower' returned '0': CMAKE_PREFIX_PATH=${CMAKE_PREFIX_PATH}:/opt/ros/foxy /usr/bin/cmake /home/jaime/Documents/GitHub/dev_jaime/myf1tenth_system/src/wall_follower -DCMAKE_INSTALL_PREFIX=/home/jaime/Documents/GitHub/dev_jaime/myf1tenth_system/src/install/wall_follower
[2.446s] Invoking command in '/home/jaime/Documents/GitHub/dev_jaime/myf1tenth_system/src/build/wall_follower': CMAKE_PREFIX_PATH=${CMAKE_PREFIX_PATH}:/opt/ros/foxy /usr/bin/cmake --build /home/jaime/Documents/GitHub/dev_jaime/myf1tenth_system/src/build/wall_follower -- -j8 -l8
[2.490s] [35m[1mScanning dependencies of target wall_follower[0m
[2.544s] [ 33%] [32mBuilding CXX object CMakeFiles/wall_follower.dir/src/wall_follower_node.cpp.o[0m
[2.547s] [ 66%] [32mBuilding CXX object CMakeFiles/wall_follower.dir/src/wall_follower.cpp.o[0m
[4.146s] [01m[K/home/jaime/Documents/GitHub/dev_jaime/myf1tenth_system/src/wall_follower/src/wall_follower.cpp:[m[K In member function â€˜[01m[Kvoid WallFollower::scanCallback(sensor_msgs::msg::LaserScan_<std::allocator<void> >::SharedPtr)[m[Kâ€™:
[4.146s] [01m[K/home/jaime/Documents/GitHub/dev_jaime/myf1tenth_system/src/wall_follower/src/wall_follower.cpp:138:44:[m[K [01;31m[Kerror: [m[Kâ€˜[01m[Kis_parallel[m[Kâ€™ was not declared in this scope
[4.146s]   138 |         speed = std::max(forward_speed_ * ([01;31m[Kis_parallel[m[K ? 1.2 : 0.9), speed);  // Much higher minimum speeds
[4.146s]       |                                            [01;31m[K^~~~~~~~~~~[m[K
[5.868s] make[2]: *** [CMakeFiles/wall_follower.dir/build.make:76: CMakeFiles/wall_follower.dir/src/wall_follower.cpp.o] Error 1
[5.868s] make[1]: *** [CMakeFiles/Makefile2:78: CMakeFiles/wall_follower.dir/all] Error 2
[5.868s] make: *** [Makefile:141: all] Error 2
